# JRE version: Java(TM) SE Runtime Environment (20.0.1+9) (build 20.0.1+9-29)
# Java VM: Java HotSpot(TM) 64-Bit Server VM (20.0.1+9-29, mixed mode, emulated-client, sharing, tiered, compressed oops, compressed class ptrs, g1 gc, windows-amd64)
GC Precious Log:
 CardTable entry size: 512
 Card Set container configuration: InlinePtr #cards 5 size 8 Array Of Cards #cards 12 size 40 Howl #buckets 4 coarsen threshold 1843 Howl Bitmap #cards 512 size 80 coarsen threshold 460 Card regions per heap region 1 cards per card region 2048
 CPUs: 12 total, 12 available
 Memory: 16233M
 Large Page Support: Disabled
 NUMA Support: Disabled
 Compressed Oops: Enabled (32-bit)
 Heap Region Size: 1M
 Heap Min Capacity: 8M
 Heap Initial Capacity: 254M
 Heap Max Capacity: 1G
 Pre-touch: Disabled
 Parallel Workers: 10
 Concurrent Workers: 3
 Concurrent Refinement Workers: 10
 Periodic GC: Disabled
Heap:
 garbage-first heap   total 65536K, used 18687K [0x00000000c0000000, 0x0000000100000000)
  region size 1024K, 1 young (1024K), 0 survivors (0K)
 Metaspace       used 30127K, committed 30720K, reserved 1114112K
  class space    used 4022K, committed 4288K, reserved 1048576K
GC Heap History (20 events):
Event: 447823.257 GC heap after
{Heap after GC invocations=20171 (full 20161):
 garbage-first heap   total 65536K, used 18687K [0x00000000c0000000, 0x0000000100000000)
  region size 1024K, 0 young (0K), 0 survivors (0K)
 Metaspace       used 30127K, committed 30720K, reserved 1114112K
  class space    used 4022K, committed 4288K, reserved 1048576K
}
Event: 447833.458 GC heap before
{Heap before GC invocations=20171 (full 20161):
 garbage-first heap   total 65536K, used 18687K [0x00000000c0000000, 0x0000000100000000)
  region size 1024K, 1 young (1024K), 0 survivors (0K)
 Metaspace       used 30127K, committed 30720K, reserved 1114112K
  class space    used 4022K, committed 4288K, reserved 1048576K
}
Event: 447833.482 GC heap after
{Heap after GC invocations=20172 (full 20162):
 garbage-first heap   total 65536K, used 18687K [0x00000000c0000000, 0x0000000100000000)
  region size 1024K, 0 young (0K), 0 survivors (0K)
 Metaspace       used 30127K, committed 30720K, reserved 1114112K
  class space    used 4022K, committed 4288K, reserved 1048576K
}
Event: 447843.686 GC heap before
{Heap before GC invocations=20172 (full 20162):
 garbage-first heap   total 65536K, used 18687K [0x00000000c0000000, 0x0000000100000000)
  region size 1024K, 1 young (1024K), 0 survivors (0K)
 Metaspace       used 30127K, committed 30720K, reserved 1114112K
  class space    used 4022K, committed 4288K, reserved 1048576K
}
Event: 447843.710 GC heap after
{Heap after GC invocations=20173 (full 20163):
 garbage-first heap   total 65536K, used 18687K [0x00000000c0000000, 0x0000000100000000)
  region size 1024K, 0 young (0K), 0 survivors (0K)
 Metaspace       used 30127K, committed 30720K, reserved 1114112K
  class space    used 4022K, committed 4288K, reserved 1048576K
}
Event: 447853.922 GC heap before
{Heap before GC invocations=20173 (full 20163):
 garbage-first heap   total 65536K, used 18687K [0x00000000c0000000, 0x0000000100000000)
  region size 1024K, 1 young (1024K), 0 survivors (0K)
 Metaspace       used 30127K, committed 30720K, reserved 1114112K
  class space    used 4022K, committed 4288K, reserved 1048576K
}
Event: 447853.949 GC heap after
{Heap after GC invocations=20174 (full 20164):
 garbage-first heap   total 65536K, used 18687K [0x00000000c0000000, 0x0000000100000000)
  region size 1024K, 0 young (0K), 0 survivors (0K)
 Metaspace       used 30127K, committed 30720K, reserved 1114112K
  class space    used 4022K, committed 4288K, reserved 1048576K
}
Event: 447864.156 GC heap before
{Heap before GC invocations=20174 (full 20164):
 garbage-first heap   total 65536K, used 18687K [0x00000000c0000000, 0x0000000100000000)
  region size 1024K, 1 young (1024K), 0 survivors (0K)
 Metaspace       used 30127K, committed 30720K, reserved 1114112K
  class space    used 4022K, committed 4288K, reserved 1048576K
}
Event: 447864.185 GC heap after
{Heap after GC invocations=20175 (full 20165):
 garbage-first heap   total 65536K, used 18687K [0x00000000c0000000, 0x0000000100000000)
  region size 1024K, 0 young (0K), 0 survivors (0K)
 Metaspace       used 30127K, committed 30720K, reserved 1114112K
  class space    used 4022K, committed 4288K, reserved 1048576K
}
Event: 447874.405 GC heap before
{Heap before GC invocations=20175 (full 20165):
 garbage-first heap   total 65536K, used 18687K [0x00000000c0000000, 0x0000000100000000)
  region size 1024K, 1 young (1024K), 0 survivors (0K)
 Metaspace       used 30127K, committed 30720K, reserved 1114112K
  class space    used 4022K, committed 4288K, reserved 1048576K
}
Event: 447874.429 GC heap after
{Heap after GC invocations=20176 (full 20166):
 garbage-first heap   total 65536K, used 18687K [0x00000000c0000000, 0x0000000100000000)
  region size 1024K, 0 young (0K), 0 survivors (0K)
 Metaspace       used 30127K, committed 30720K, reserved 1114112K
  class space    used 4022K, committed 4288K, reserved 1048576K
}
Event: 447884.684 GC heap before
{Heap before GC invocations=20176 (full 20166):
 garbage-first heap   total 65536K, used 18687K [0x00000000c0000000, 0x0000000100000000)
  region size 1024K, 1 young (1024K), 0 survivors (0K)
 Metaspace       used 30127K, committed 30720K, reserved 1114112K
  class space    used 4022K, committed 4288K, reserved 1048576K
}
Event: 447884.716 GC heap after
{Heap after GC invocations=20177 (full 20167):
 garbage-first heap   total 65536K, used 18687K [0x00000000c0000000, 0x0000000100000000)
  region size 1024K, 0 young (0K), 0 survivors (0K)
 Metaspace       used 30127K, committed 30720K, reserved 1114112K
  class space    used 4022K, committed 4288K, reserved 1048576K
}
Event: 447894.934 GC heap before
{Heap before GC invocations=20177 (full 20167):
 garbage-first heap   total 65536K, used 18687K [0x00000000c0000000, 0x0000000100000000)
  region size 1024K, 1 young (1024K), 0 survivors (0K)
 Metaspace       used 30127K, committed 30720K, reserved 1114112K
  class space    used 4022K, committed 4288K, reserved 1048576K
}
Event: 447894.963 GC heap after
{Heap after GC invocations=20178 (full 20168):
 garbage-first heap   total 65536K, used 18687K [0x00000000c0000000, 0x0000000100000000)
  region size 1024K, 0 young (0K), 0 survivors (0K)
 Metaspace       used 30127K, committed 30720K, reserved 1114112K
  class space    used 4022K, committed 4288K, reserved 1048576K
}
Event: 447905.228 GC heap before
{Heap before GC invocations=20178 (full 20168):
 garbage-first heap   total 65536K, used 18687K [0x00000000c0000000, 0x0000000100000000)
  region size 1024K, 1 young (1024K), 0 survivors (0K)
 Metaspace       used 30127K, committed 30720K, reserved 1114112K
  class space    used 4022K, committed 4288K, reserved 1048576K
}
Event: 447905.260 GC heap after
{Heap after GC invocations=20179 (full 20169):
 garbage-first heap   total 65536K, used 18687K [0x00000000c0000000, 0x0000000100000000)
  region size 1024K, 0 young (0K), 0 survivors (0K)
 Metaspace       used 30127K, committed 30720K, reserved 1114112K
  class space    used 4022K, committed 4288K, reserved 1048576K
}
Event: 447915.490 GC heap before
{Heap before GC invocations=20179 (full 20169):
 garbage-first heap   total 65536K, used 18687K [0x00000000c0000000, 0x0000000100000000)
  region size 1024K, 1 young (1024K), 0 survivors (0K)
 Metaspace       used 30127K, committed 30720K, reserved 1114112K
  class space    used 4022K, committed 4288K, reserved 1048576K
}
Event: 447915.518 GC heap after
{Heap after GC invocations=20180 (full 20170):
 garbage-first heap   total 65536K, used 18687K [0x00000000c0000000, 0x0000000100000000)
  region size 1024K, 0 young (0K), 0 survivors (0K)
 Metaspace       used 30127K, committed 30720K, reserved 1114112K
  class space    used 4022K, committed 4288K, reserved 1048576K
}
Event: 447925.794 GC heap before
{Heap before GC invocations=20180 (full 20170):
 garbage-first heap   total 65536K, used 18687K [0x00000000c0000000, 0x0000000100000000)
  region size 1024K, 1 young (1024K), 0 survivors (0K)
 Metaspace       used 30127K, committed 30720K, reserved 1114112K
  class space    used 4022K, committed 4288K, reserved 1048576K
}

